<?xml version="1.0" encoding="UTF-8"?>
<!-- Generated by org.testng.reporters.JUnitXMLReporter -->
<testsuite ignored="0" hostname="TK-LPT-1091.local" failures="0" tests="1" name="Verify user can calculate the shipment quote from Malaysia to India." time="119.66" errors="0" timestamp="08 Jan 2025 06:06:45 GMT">
  <testcase classname="tests.calculatorpage.ShipmentQuoteCalculator" name="verifyShipmentQuotes" time="32.034"/>
</testsuite> <!-- Verify user can calculate the shipment quote from Malaysia to India. -->
