<?xml version="1.0" encoding="UTF-8"?>
<!-- Generated by org.testng.reporters.JUnitXMLReporter -->
<testsuite ignored="0" hostname="TK-LPT-1091.local" failures="0" tests="1" name="Verify user can calculate the shipment quote from Malaysia to India." time="123.611" errors="0" timestamp="2025-01-08T13:39:28 PKT">
  <testcase classname="tests.calculatorpage.ShipmentQuoteCalculator" name="verifyShipmentQuotes" time="30.788"/>
</testsuite> <!-- Verify user can calculate the shipment quote from Malaysia to India. -->
