<?xml version="1.0" encoding="UTF-8"?>
<!-- Generated by org.testng.reporters.JUnitXMLReporter -->
<testsuite ignored="0" hostname="AdnanAashiq.local" failures="0" tests="1" name="To Verify that the open roles jobs filters are working fine" time="23.53" errors="0" timestamp="23 Sept 2024 10:37:28 GMT">
  <testcase classname="tests.careerpage.OpenRolesOfficeLocationsVerification" name="verifyOpenRolesLocationFilter" time="14.988"/>
</testsuite> <!-- To Verify that the open roles jobs filters are working fine -->
