<?xml version="1.0" encoding="UTF-8"?>
<!-- Generated by org.testng.reporters.JUnitXMLReporter -->
<testsuite ignored="0" hostname="AdnanAashiq.local" failures="0" tests="1" name="To Verify that the Products are displaying and View All products page is working fine" time="84.326" errors="0" timestamp="23 Sept 2024 10:38:57 GMT">
  <testcase classname="tests.homepage.ProductsVerification" name="verifyProductsContent" time="78.1"/>
</testsuite> <!-- To Verify that the Products are displaying and View All products page is working fine -->
