<?xml version="1.0" encoding="UTF-8"?>
<!-- Generated by org.testng.reporters.JUnitXMLReporter -->
<testsuite ignored="0" hostname="AdnanAashiq.local" failures="0" tests="1" name="To Verify that the Website is displaying right cities names" time="15.931" errors="0" timestamp="23 Sept 2024 10:36:59 GMT">
  <testcase classname="tests.careerpage.CitiesNamesVerification" name="verifyCitiesOnCareersPage" time="5.544"/>
</testsuite> <!-- To Verify that the Website is displaying right cities names -->
