<?xml version="1.0" encoding="UTF-8"?>
<!-- Generated by org.testng.reporters.JUnitXMLReporter -->
<testsuite ignored="0" hostname="AdnanAashiq.local" failures="0" tests="1" name="To Verify that the guidances are displaying and learn page is working fine" time="15.217" errors="0" timestamp="23 Sept 2024 10:39:18 GMT">
  <testcase classname="tests.homepage.GuidanceVerification" name="verifyGuidanceContent" time="5.564"/>
</testsuite> <!-- To Verify that the guidances are displaying and learn page is working fine -->
