<?xml version="1.0" encoding="UTF-8"?>
<testng-results ignored="0" total="1" passed="1" failed="0" skipped="0">
  <reporter-output>
  </reporter-output>
  <suite started-at="2025-01-08T13:37:23 PKT" name="POS Malaysia UI Testing" finished-at="2025-01-08T13:39:27 PKT" duration-ms="123611">
    <groups>
      <group name="Smoke">
        <method signature="ShipmentQuoteCalculator.verifyShipmentQuotes()[pri:0, instance:tests.calculatorpage.ShipmentQuoteCalculator@192d43ce]" name="verifyShipmentQuotes" class="tests.calculatorpage.ShipmentQuoteCalculator"/>
      </group> <!-- Smoke -->
    </groups>
    <test started-at="2025-01-08T13:37:23 PKT" name="Verify user can calculate the shipment quote from Malaysia to India." finished-at="2025-01-08T13:39:27 PKT" duration-ms="123611">
      <class name="tests.calculatorpage.ShipmentQuoteCalculator">
        <test-method is-config="true" signature="setUp()[pri:0, instance:tests.calculatorpage.ShipmentQuoteCalculator@192d43ce]" started-at="2025-01-08T13:37:24 PKT" name="setUp" finished-at="2025-01-08T13:38:56 PKT" duration-ms="92241" status="PASS">
          <reporter-output>
          </reporter-output>
        </test-method> <!-- setUp -->
        <test-method signature="verifyShipmentQuotes()[pri:0, instance:tests.calculatorpage.ShipmentQuoteCalculator@192d43ce]" started-at="2025-01-08T13:38:56 PKT" name="verifyShipmentQuotes" finished-at="2025-01-08T13:39:27 PKT" duration-ms="30788" status="PASS">
          <reporter-output>
          </reporter-output>
        </test-method> <!-- verifyShipmentQuotes -->
        <test-method is-config="true" signature="tearDown()[pri:0, instance:tests.calculatorpage.ShipmentQuoteCalculator@192d43ce]" started-at="2025-01-08T13:39:27 PKT" name="tearDown" finished-at="2025-01-08T13:39:27 PKT" duration-ms="144" status="PASS">
          <reporter-output>
          </reporter-output>
        </test-method> <!-- tearDown -->
      </class> <!-- tests.calculatorpage.ShipmentQuoteCalculator -->
    </test> <!-- Verify user can calculate the shipment quote from Malaysia to India. -->
  </suite> <!-- POS Malaysia UI Testing -->
</testng-results>
