<?xml version="1.0" encoding="UTF-8"?>
<testng-results ignored="0" total="1" passed="1" failed="0" skipped="0">
  <reporter-output>
  </reporter-output>
  <suite started-at="2025-01-08T06:04:45Z" name="POS Malaysia UI Testing" finished-at="2025-01-08T06:06:45Z" duration-ms="119660">
    <groups>
      <group name="Smoke">
        <method signature="ShipmentQuoteCalculator.verifyShipmentQuotes()[pri:0, instance:tests.calculatorpage.ShipmentQuoteCalculator@35432107]" name="verifyShipmentQuotes" class="tests.calculatorpage.ShipmentQuoteCalculator"/>
      </group> <!-- Smoke -->
    </groups>
    <test started-at="2025-01-08T06:04:45Z" name="Verify user can calculate the shipment quote from Malaysia to India." finished-at="2025-01-08T06:06:45Z" duration-ms="119660">
      <class name="tests.calculatorpage.ShipmentQuoteCalculator">
        <test-method is-config="true" signature="setUp()[pri:0, instance:tests.calculatorpage.ShipmentQuoteCalculator@35432107]" started-at="2025-01-08T11:04:46Z" name="setUp" finished-at="2025-01-08T11:06:13Z" duration-ms="86980" status="PASS">
          <reporter-output>
          </reporter-output>
        </test-method> <!-- setUp -->
        <test-method signature="verifyShipmentQuotes()[pri:0, instance:tests.calculatorpage.ShipmentQuoteCalculator@35432107]" started-at="2025-01-08T11:06:13Z" name="verifyShipmentQuotes" finished-at="2025-01-08T11:06:45Z" duration-ms="32034" status="PASS">
          <reporter-output>
          </reporter-output>
        </test-method> <!-- verifyShipmentQuotes -->
        <test-method is-config="true" signature="tearDown()[pri:0, instance:tests.calculatorpage.ShipmentQuoteCalculator@35432107]" started-at="2025-01-08T11:06:45Z" name="tearDown" finished-at="2025-01-08T11:06:45Z" duration-ms="154" status="PASS">
          <reporter-output>
          </reporter-output>
        </test-method> <!-- tearDown -->
      </class> <!-- tests.calculatorpage.ShipmentQuoteCalculator -->
    </test> <!-- Verify user can calculate the shipment quote from Malaysia to India. -->
  </suite> <!-- POS Malaysia UI Testing -->
</testng-results>
